npm error code ERESOLVE
npm error ERESOLVE could not resolve
npm error
npm error While resolving: react-window@1.8.7
npm error Found: react@19.2.4
npm error node_modules/react
npm error   peer react@">=16.8.0" from @floating-ui/react-dom@2.1.8
npm error   node_modules/@floating-ui/react-dom
npm error     @floating-ui/react-dom@"^2.0.0" from @radix-ui/react-popper@1.2.8
npm error     node_modules/@radix-ui/react-popper
npm error       @radix-ui/react-popper@"1.2.8" from @radix-ui/react-hover-card@1.1.15
npm error       node_modules/@radix-ui/react-hover-card
npm error         @radix-ui/react-hover-card@"1.1.15" from radix-ui@1.4.3
npm error         node_modules/radix-ui
npm error       5 more (@radix-ui/react-menu, @radix-ui/react-popover, ...)
npm error   peer react@"^18.0.0 || ^19.0.0" from @prisma/studio-core@0.21.1
npm error   node_modules/@prisma/studio-core
npm error     @prisma/studio-core@"0.21.1" from prisma@7.5.0
npm error     node_modules/prisma
npm error       peerOptional prisma@"*" from @prisma/client@7.5.0
npm error       node_modules/@prisma/client
npm error         @prisma/client@"^7.5.0" from the root project
npm error       1 more (the root project)
npm error   87 more (@radix-ui/react-accessible-icon, ...)
npm error
npm error Could not resolve dependency:
npm error peer react@"^15.0.0 || ^16.0.0 || ^17.0.0 || ^18.0.0" from react-window@1.8.7
npm error node_modules/react-window
npm error   react-window@"^1.8.7" from the root project
npm error
npm error Conflicting peer dependency: react@18.3.1
npm error node_modules/react
npm error   peer react@"^15.0.0 || ^16.0.0 || ^17.0.0 || ^18.0.0" from react-window@1.8.7
npm error   node_modules/react-window
npm error     react-window@"^1.8.7" from the root project
npm error
npm error Fix the upstream dependency conflict, or retry
npm error this command with --force or --legacy-peer-deps
npm error to accept an incorrect (and potentially broken) dependency resolution.
npm error
npm error
npm error For a full report see:
npm error C:\Users\moham\AppData\Local\npm-cache\_logs\2026-04-09T04_32_44_699Z-eresolve-report.txt
npm error A complete log of this run can be found in: C:\Users\moham\AppData\Local\npm-cache\_logs\2026-04-09T04_32_44_699Z-debug-0.log
